0 info it worked if it ends with ok
1 verbose cli [ '/usr/local/Cellar/node/4.1.0/bin/node',
1 verbose cli   '/usr/local/bin/npm',
1 verbose cli   'run',
1 verbose cli   'release' ]
2 info using npm@2.14.4
3 info using node@v4.1.0
4 verbose run-script [ 'prerelease', 'release', 'postrelease' ]
5 info prerelease gulp-browser@0.0.10
6 info release gulp-browser@0.0.10
7 verbose unsafe-perm in lifecycle true
8 info gulp-browser@0.0.10 Failed to exec release script
9 verbose stack Error: gulp-browser@0.0.10 release: `(git pull origin master && npm version patch && git push origin master && git checkout release && git merge master && git push origin release && git checkout master)`
9 verbose stack Exit status 1
9 verbose stack     at EventEmitter.<anonymous> (/usr/local/lib/node_modules/npm/lib/utils/lifecycle.js:214:16)
9 verbose stack     at emitTwo (events.js:87:13)
9 verbose stack     at EventEmitter.emit (events.js:172:7)
9 verbose stack     at ChildProcess.<anonymous> (/usr/local/lib/node_modules/npm/lib/utils/spawn.js:24:14)
9 verbose stack     at emitTwo (events.js:87:13)
9 verbose stack     at ChildProcess.emit (events.js:172:7)
9 verbose stack     at maybeClose (internal/child_process.js:817:16)
9 verbose stack     at Process.ChildProcess._handle.onexit (internal/child_process.js:211:5)
10 verbose pkgid gulp-browser@0.0.10
11 verbose cwd /Users/philippkunz/GitHub/pushrocks/gulp-browser
12 error Darwin 15.0.0
13 error argv "/usr/local/Cellar/node/4.1.0/bin/node" "/usr/local/bin/npm" "run" "release"
14 error node v4.1.0
15 error npm  v2.14.4
16 error code ELIFECYCLE
17 error gulp-browser@0.0.10 release: `(git pull origin master && npm version patch && git push origin master && git checkout release && git merge master && git push origin release && git checkout master)`
17 error Exit status 1
18 error Failed at the gulp-browser@0.0.10 release script '(git pull origin master && npm version patch && git push origin master && git checkout release && git merge master && git push origin release && git checkout master)'.
18 error This is most likely a problem with the gulp-browser package,
18 error not with npm itself.
18 error Tell the author that this fails on your system:
18 error     (git pull origin master && npm version patch && git push origin master && git checkout release && git merge master && git push origin release && git checkout master)
18 error You can get their info via:
18 error     npm owner ls gulp-browser
18 error There is likely additional logging output above.
19 verbose exit [ 1, true ]
